<?xml version="1.0" encoding="UTF-8"?>
<!-- Generated by org.testng.reporters.JUnitReportReporter -->
<testsuite hostname="MEERA" failures="0" tests="1" name="testpkg.santatestclass" time="90.723" errors="0" timestamp="2025-09-01T16:02:18 IST" skipped="0">
  <testcase classname="testpkg.santatestclass" name="test" time="90.723"/>
</testsuite> <!-- testpkg.santatestclass -->
